<?xml version="1.0" encoding="UTF-8"?>
<!-- Generated by org.testng.reporters.JUnitReportReporter -->
<testsuite hostname="sky-aeldiddy" failures="0" tests="1" name="tests.Registertest" time="2.634" errors="0" timestamp="2023-01-25T13:02:44 EET" skipped="0">
  <testcase classname="tests.Registertest" name="userregistertest" time="2.634"/>
  <system-out/>
</testsuite> <!-- tests.Registertest -->
