<?xml version="1.0" encoding="UTF-8"?>
<!-- Generated by org.testng.reporters.JUnitReportReporter -->
<testsuite hostname="sky-aeldiddy" failures="0" tests="1" name="tests.Addtocarttest" time="9.517" errors="0" timestamp="2023-01-25T13:00:35 EET" skipped="0">
  <testcase classname="tests.Addtocarttest" name="useraddcarttest" time="9.517"/>
  <system-out/>
</testsuite> <!-- tests.Addtocarttest -->
