<?xml version="1.0" encoding="UTF-8"?>
<!-- Generated by org.testng.reporters.JUnitReportReporter -->
<testsuite hostname="sky-aeldiddy" failures="0" tests="1" name="tests.Search2test" time="6.138" errors="0" timestamp="2023-01-25T10:56:10 EET" skipped="0">
  <testcase classname="tests.Search2test" name="usersearch2" time="6.138"/>
  <system-out/>
</testsuite> <!-- tests.Search2test -->
