<?xml version="1.0" encoding="UTF-8"?>
<!-- Generated by org.testng.reporters.JUnitReportReporter -->
<testsuite hostname="sky-aeldiddy" failures="0" tests="1" name="tests.Searchtest" time="3.994" errors="0" timestamp="2023-01-25T10:56:10 EET" skipped="0">
  <testcase classname="tests.Searchtest" name="usersearchtest" time="3.994"/>
  <system-out/>
</testsuite> <!-- tests.Searchtest -->
