<?xml version="1.0" encoding="UTF-8"?>
<!-- Generated by org.testng.reporters.JUnitReportReporter -->
<testsuite hostname="sky-aeldiddy" failures="0" tests="1" name="tests.Contacttest" time="1.348" errors="0" timestamp="2023-01-25T13:49:47 EET" skipped="0">
  <testcase classname="tests.Contacttest" name="usertestcon" time="1.348"/>
  <system-out/>
</testsuite> <!-- tests.Contacttest -->
