<?xml version="1.0" encoding="UTF-8"?>
<!-- Generated by org.testng.reporters.JUnitReportReporter -->
<testsuite hostname="sky-aeldiddy" failures="0" tests="1" name="tests.Hovertest" time="2.443" errors="0" timestamp="2023-01-25T14:04:18 EET" skipped="0">
  <testcase classname="tests.Hovertest" name="userhovertest" time="2.443"/>
  <system-out/>
</testsuite> <!-- tests.Hovertest -->
